{"message":"server is listining at port 3000","level":"info","timestamp":"2021-03-12T07:22:11.959Z"}
{"message":"server is listining at port 3000","level":"info","timestamp":"2021-03-12T07:57:38.461Z"}
{"message":"Notes added successfully !","level":"info","timestamp":"2021-03-12T07:57:45.950Z"}
{"message":"server is listining at port 3000","level":"info","timestamp":"2021-03-12T11:39:56.974Z"}
{"message":"server is listining at port 3000","level":"info","timestamp":"2021-03-12T11:40:42.005Z"}
{"message":"server is listining at port 3000","level":"info","timestamp":"2021-03-12T11:40:50.587Z"}
{"message":"server is listining at port 3000","level":"info","timestamp":"2021-03-12T11:58:38.681Z"}
{"message":"Notes added successfully !","level":"info","timestamp":"2021-03-12T11:58:41.943Z"}
{"message":"Notes added successfully !","level":"info","timestamp":"2021-03-12T11:58:46.069Z"}
{"message":"Notes added successfully !","level":"info","timestamp":"2021-03-12T12:00:09.827Z"}
{"message":"server is listining at port 3000","level":"info","timestamp":"2021-03-12T12:01:41.322Z"}
{"message":"Notes added successfully !","level":"info","timestamp":"2021-03-12T12:02:00.492Z"}
{"message":"Notes added successfully !","level":"info","timestamp":"2021-03-12T12:03:07.985Z"}
{"message":"Notes added successfully !","level":"info","timestamp":"2021-03-12T12:04:16.391Z"}
{"message":"server is listining at port 3000","level":"info","timestamp":"2021-03-12T12:15:52.412Z"}
{"message":"server is listining at port 3000","level":"info","timestamp":"2021-03-12T12:16:52.255Z"}
{"message":"server is listining at port 3000","level":"info","timestamp":"2021-03-12T12:22:31.863Z"}
{"message":"server is listining at port 3000","level":"info","timestamp":"2021-03-12T12:22:49.040Z"}
{"message":"server is listining at port 3000","level":"info","timestamp":"2021-03-12T12:27:33.926Z"}
{"message":"server is listining at port 3000","level":"info","timestamp":"2021-03-12T12:28:09.129Z"}
{"message":"server is listining at port 3000","level":"info","timestamp":"2021-03-12T12:29:17.273Z"}
{"message":"server is listining at port 3000","level":"info","timestamp":"2021-03-12T12:30:36.984Z"}
{"message":"server is listining at port 3000","level":"info","timestamp":"2021-03-12T12:31:38.158Z"}
{"message":"server is listining at port 3000","level":"info","timestamp":"2021-03-12T12:32:54.334Z"}
{"message":"server is listining at port 3000","level":"info","timestamp":"2021-03-12T12:33:29.668Z"}
{"message":"server is listining at port 3000","level":"info","timestamp":"2021-03-12T12:34:25.476Z"}
{"message":"server is listining at port 3000","level":"info","timestamp":"2021-03-12T12:36:15.249Z"}
{"message":"server is listining at port 3000","level":"info","timestamp":"2021-03-12T12:39:05.918Z"}
{"message":"server is listining at port 3000","level":"info","timestamp":"2021-03-12T12:39:59.707Z"}
{"message":"server is listining at port 3000","level":"info","timestamp":"2021-03-12T12:40:29.807Z"}
{"message":"server is listining at port 3000","level":"info","timestamp":"2021-03-12T12:40:46.663Z"}
{"message":"server is listining at port 3000","level":"info","timestamp":"2021-03-12T12:45:44.066Z"}
{"message":"server is listining at port 3000","level":"info","timestamp":"2021-03-12T12:46:00.093Z"}
{"message":"server is listining at port 3000","level":"info","timestamp":"2021-03-12T12:46:52.265Z"}
{"message":"server is listining at port 3000","level":"info","timestamp":"2021-03-12T12:47:51.180Z"}
{"message":"server is listining at port 3000","level":"info","timestamp":"2021-03-12T12:49:27.738Z"}
{"message":"server is listining at port 3000","level":"info","timestamp":"2021-03-13T09:48:59.300Z"}
{"message":"Notes added successfully !","level":"info","timestamp":"2021-03-13T09:51:19.899Z"}
{"message":"Notes added successfully !","level":"info","timestamp":"2021-03-13T09:51:23.552Z"}
{"message":"server is listining at port 3000","level":"info","timestamp":"2021-03-13T09:51:44.393Z"}
{"message":"server is listining at port 3000","level":"info","timestamp":"2021-03-13T09:52:19.258Z"}
{"message":"server is listining at port 3000","level":"info","timestamp":"2021-03-13T09:52:38.729Z"}
{"message":"server is listining at port 3000","level":"info","timestamp":"2021-03-13T10:11:40.725Z"}
{"message":"Notes added successfully !","level":"info","timestamp":"2021-03-13T10:11:47.638Z"}
{"message":"Notes added successfully !","level":"info","timestamp":"2021-03-13T10:11:49.034Z"}
{"message":"Notes added successfully !","level":"info","timestamp":"2021-03-13T10:12:31.534Z"}
{"message":"server is listining at port 3000","level":"info","timestamp":"2021-03-13T10:28:24.956Z"}
{"message":"server is listining at port 3000","level":"info","timestamp":"2021-03-13T10:28:46.056Z"}
{"message":"Notes added successfully !","level":"info","timestamp":"2021-03-13T10:28:49.606Z"}
{"message":"Notes added successfully !","level":"info","timestamp":"2021-03-13T10:28:50.898Z"}
{"message":"Notes added successfully !","level":"info","timestamp":"2021-03-13T10:28:52.381Z"}
{"message":"server is listining at port 3000","level":"info","timestamp":"2021-03-13T10:29:29.114Z"}
{"message":"server is listining at port 3000","level":"info","timestamp":"2021-03-13T10:30:04.881Z"}
{"message":"server is listining at port 3000","level":"info","timestamp":"2021-03-13T10:30:09.060Z"}
{"message":"Notes added successfully !","level":"info","timestamp":"2021-03-13T10:30:12.303Z"}
{"message":"Notes added successfully !","level":"info","timestamp":"2021-03-13T10:30:13.373Z"}
{"message":"server is listining at port 3000","level":"info","timestamp":"2021-03-13T10:30:40.248Z"}
{"message":"Notes added successfully !","level":"info","timestamp":"2021-03-13T10:32:31.764Z"}
{"message":"Notes added successfully !","level":"info","timestamp":"2021-03-13T10:32:33.092Z"}
{"message":"Notes added successfully !","level":"info","timestamp":"2021-03-13T10:33:42.852Z"}
{"message":"server is listining at port 3000","level":"info","timestamp":"2021-03-13T10:39:58.716Z"}
{"message":"Notes added successfully !","level":"info","timestamp":"2021-03-13T10:40:17.906Z"}
{"message":"Notes added successfully !","level":"info","timestamp":"2021-03-13T10:40:19.036Z"}
{"message":"Notes added successfully !","level":"info","timestamp":"2021-03-13T10:40:20.188Z"}
{"message":"server is listining at port 3000","level":"info","timestamp":"2021-03-13T10:44:08.068Z"}
{"message":"server is listining at port 3000","level":"info","timestamp":"2021-03-13T10:45:45.426Z"}
{"message":"Notes added successfully !","level":"info","timestamp":"2021-03-13T10:47:31.628Z"}
{"message":"Notes added successfully !","level":"info","timestamp":"2021-03-13T10:47:46.498Z"}
{"message":"Notes added successfully !","level":"info","timestamp":"2021-03-13T10:48:07.569Z"}
{"message":"Notes added successfully !","level":"info","timestamp":"2021-03-13T10:48:09.855Z"}
{"message":"server is listining at port 3000","level":"info","timestamp":"2021-03-13T10:52:02.653Z"}
{"message":"Notes added successfully !","level":"info","timestamp":"2021-03-13T10:52:09.990Z"}
{"message":"Some error occurred while creating notes","level":"error","timestamp":"2021-03-13T10:52:12.025Z"}
{"message":"Notes added successfully !","level":"info","timestamp":"2021-03-13T10:52:24.427Z"}
{"message":"Some error occurred while creating notes","level":"error","timestamp":"2021-03-13T10:52:27.331Z"}
{"message":"server is listining at port 3000","level":"info","timestamp":"2021-03-13T15:10:31.102Z"}
{"message":"Notes added successfully !","level":"info","timestamp":"2021-03-13T15:10:41.595Z"}
{"message":"server is listining at port 3000","level":"info","timestamp":"2021-03-13T15:11:12.238Z"}
{"message":"server is listining at port 3000","level":"info","timestamp":"2021-03-13T15:11:34.384Z"}
{"message":"server is listining at port 3000","level":"info","timestamp":"2021-03-13T15:12:34.416Z"}
{"message":"server is listining at port 3000","level":"info","timestamp":"2021-03-13T15:15:41.933Z"}
{"message":"server is listining at port 3000","level":"info","timestamp":"2021-03-13T15:16:41.182Z"}
{"message":"server is listining at port 3000","level":"info","timestamp":"2021-03-13T15:16:52.651Z"}
{"message":"server is listining at port 3000","level":"info","timestamp":"2021-03-13T15:16:57.065Z"}
{"message":"server is listining at port 3000","level":"info","timestamp":"2021-03-13T15:17:04.695Z"}
{"message":"server is listining at port 3000","level":"info","timestamp":"2021-03-14T07:54:49.631Z"}
{"message":"server is listining at port 3000","level":"info","timestamp":"2021-03-14T07:56:35.946Z"}
{"message":"server is listining at port 3000","level":"info","timestamp":"2021-03-14T10:24:27.019Z"}
{"message":"server is listining at port 3000","level":"info","timestamp":"2021-03-14T10:24:55.998Z"}
{"message":"server is listining at port 3000","level":"info","timestamp":"2021-03-14T10:25:21.372Z"}
{"message":"server is listining at port 3000","level":"info","timestamp":"2021-03-14T13:18:57.698Z"}
{"message":"server is listining at port 3000","level":"info","timestamp":"2021-03-14T13:19:23.524Z"}
{"message":"server is listining at port 3000","level":"info","timestamp":"2021-03-14T13:20:01.209Z"}
{"message":"server is listining at port 3000","level":"info","timestamp":"2021-03-14T13:20:31.355Z"}
{"message":"server is listining at port 3000","level":"info","timestamp":"2021-03-14T13:21:10.306Z"}
{"message":"server is listining at port 3000","level":"info","timestamp":"2021-03-14T13:21:55.611Z"}
{"message":"server is listining at port 3000","level":"info","timestamp":"2021-03-14T13:22:27.380Z"}
{"message":"server is listining at port 3000","level":"info","timestamp":"2021-03-14T13:22:34.775Z"}
{"message":"server is listining at port 3000","level":"info","timestamp":"2021-03-14T13:22:52.008Z"}
{"message":"server is listining at port 3000","level":"info","timestamp":"2021-03-14T13:23:09.552Z"}
{"message":"server is listining at port 3000","level":"info","timestamp":"2021-03-14T13:23:27.772Z"}
{"message":"server is listining at port 3000","level":"info","timestamp":"2021-03-14T13:24:33.313Z"}
{"message":"server is listining at port 3000","level":"info","timestamp":"2021-03-14T13:25:05.365Z"}
{"message":"server is listining at port 3000","level":"info","timestamp":"2021-03-14T13:25:17.175Z"}
{"message":"server is listining at port 3000","level":"info","timestamp":"2021-03-14T13:25:27.696Z"}
{"message":"server is listining at port 3000","level":"info","timestamp":"2021-03-14T13:26:00.195Z"}
{"message":"server is listining at port 3000","level":"info","timestamp":"2021-03-14T13:26:21.574Z"}
{"message":"server is listining at port 3000","level":"info","timestamp":"2021-03-14T13:30:05.290Z"}
{"message":"server is listining at port 3000","level":"info","timestamp":"2021-03-14T13:30:21.704Z"}
{"message":"server is listining at port 3000","level":"info","timestamp":"2021-03-14T13:31:01.958Z"}
{"message":"server is listining at port 3000","level":"info","timestamp":"2021-03-14T13:32:48.383Z"}
{"message":"server is listining at port 3000","level":"info","timestamp":"2021-03-14T13:32:51.780Z"}
{"message":"Notes added successfully !","level":"info","timestamp":"2021-03-14T13:32:54.821Z"}
{"message":"server is listining at port 3000","level":"info","timestamp":"2021-03-14T13:35:54.293Z"}
{"message":"server is listining at port 3000","level":"info","timestamp":"2021-03-14T13:41:00.226Z"}
{"message":"Notes added successfully !","level":"info","timestamp":"2021-03-14T13:41:03.923Z"}
{"message":"server is listining at port 3000","level":"info","timestamp":"2021-03-14T13:41:24.695Z"}
{"message":"Notes added successfully !","level":"info","timestamp":"2021-03-14T13:41:28.252Z"}
{"message":"server is listining at port 3000","level":"info","timestamp":"2021-03-14T13:43:05.720Z"}
{"message":"server is listining at port 3000","level":"info","timestamp":"2021-03-14T13:43:52.474Z"}
{"message":"server is listining at port 3000","level":"info","timestamp":"2021-03-14T13:44:23.191Z"}
{"message":"server is listining at port 3000","level":"info","timestamp":"2021-03-14T13:45:44.065Z"}
{"message":"server is listining at port 3000","level":"info","timestamp":"2021-03-14T13:46:02.867Z"}
{"message":"server is listining at port 3000","level":"info","timestamp":"2021-03-14T13:46:25.744Z"}
{"message":"server is listining at port 3000","level":"info","timestamp":"2021-03-14T13:46:38.174Z"}
{"message":"server is listining at port 3000","level":"info","timestamp":"2021-03-14T14:11:25.246Z"}
{"message":"Some error occurred while creating notes","level":"error","timestamp":"2021-03-14T14:11:42.215Z"}
{"message":"Notes added successfully !","level":"info","timestamp":"2021-03-14T14:11:50.066Z"}
{"message":"server is listining at port 3000","level":"info","timestamp":"2021-03-14T14:12:07.906Z"}
{"message":"server is listining at port 3000","level":"info","timestamp":"2021-03-14T14:12:47.566Z"}
{"message":"server is listining at port 3000","level":"info","timestamp":"2021-03-14T14:14:32.018Z"}
{"message":"server is listining at port 3000","level":"info","timestamp":"2021-03-14T14:15:08.099Z"}
{"message":"server is listining at port 3000","level":"info","timestamp":"2021-03-14T14:15:20.326Z"}
{"message":"server is listining at port 3000","level":"info","timestamp":"2021-03-14T14:15:59.920Z"}
{"message":"server is listining at port 3000","level":"info","timestamp":"2021-03-14T14:16:48.701Z"}
{"message":"server is listining at port 3000","level":"info","timestamp":"2021-03-14T14:17:10.413Z"}
{"message":"server is listining at port 3000","level":"info","timestamp":"2021-03-14T14:18:15.390Z"}
{"message":"server is listining at port 3000","level":"info","timestamp":"2021-03-14T14:23:22.312Z"}
{"message":"server is listining at port 3000","level":"info","timestamp":"2021-03-14T14:25:06.891Z"}
{"message":"server is listining at port 3000","level":"info","timestamp":"2021-03-14T14:25:59.766Z"}
{"message":"Notes added successfully !","level":"info","timestamp":"2021-03-14T14:26:01.412Z"}
{"message":"server is listining at port 3000","level":"info","timestamp":"2021-03-14T14:32:07.114Z"}
{"message":"Notes added successfully !","level":"info","timestamp":"2021-03-14T14:32:10.022Z"}
{"message":"server is listining at port 3000","level":"info","timestamp":"2021-03-14T14:32:17.052Z"}
{"message":"Notes added successfully !","level":"info","timestamp":"2021-03-14T14:32:19.360Z"}
{"message":"server is listining at port 3000","level":"info","timestamp":"2021-03-14T14:34:57.689Z"}
{"message":"Notes added successfully !","level":"info","timestamp":"2021-03-14T14:35:12.595Z"}
{"message":"server is listining at port 3000","level":"info","timestamp":"2021-03-14T14:35:59.757Z"}
{"message":"Notes added successfully !","level":"info","timestamp":"2021-03-14T14:36:46.647Z"}
{"message":"server is listining at port 3000","level":"info","timestamp":"2021-03-14T14:37:05.539Z"}
{"message":"server is listining at port 3000","level":"info","timestamp":"2021-03-14T14:37:09.011Z"}
{"message":"Notes added successfully !","level":"info","timestamp":"2021-03-14T14:37:12.136Z"}
{"message":"server is listining at port 3000","level":"info","timestamp":"2021-03-14T14:37:35.723Z"}
{"message":"server is listining at port 3000","level":"info","timestamp":"2021-03-14T14:38:47.694Z"}
{"message":"server is listining at port 3000","level":"info","timestamp":"2021-03-14T14:39:00.257Z"}
{"message":"server is listining at port 3000","level":"info","timestamp":"2021-03-14T14:39:39.029Z"}
{"message":"Notes added successfully !","level":"info","timestamp":"2021-03-14T14:39:39.930Z"}
{"message":"server is listining at port 3000","level":"info","timestamp":"2021-03-14T14:40:47.024Z"}
{"message":"server is listining at port 3000","level":"info","timestamp":"2021-03-14T14:41:05.963Z"}
{"message":"server is listining at port 3000","level":"info","timestamp":"2021-03-14T14:41:16.520Z"}
{"message":"Notes added successfully !","level":"info","timestamp":"2021-03-14T14:41:16.659Z"}
{"message":"server is listining at port 3000","level":"info","timestamp":"2021-03-14T14:42:06.161Z"}
{"message":"server is listining at port 3000","level":"info","timestamp":"2021-03-14T14:42:54.873Z"}
{"message":"server is listining at port 3000","level":"info","timestamp":"2021-03-14T14:43:00.495Z"}
{"message":"Notes added successfully !","level":"info","timestamp":"2021-03-14T14:43:12.175Z"}
{"message":"server is listining at port 3000","level":"info","timestamp":"2021-03-14T14:44:06.332Z"}
{"message":"Notes added successfully !","level":"info","timestamp":"2021-03-14T14:44:10.510Z"}
{"message":"server is listining at port 3000","level":"info","timestamp":"2021-03-14T14:44:48.032Z"}
{"message":"Notes added successfully !","level":"info","timestamp":"2021-03-14T14:44:49.134Z"}
{"message":"Notes added successfully !","level":"info","timestamp":"2021-03-14T14:45:50.203Z"}
{"message":"server is listining at port 3000","level":"info","timestamp":"2021-03-14T14:46:20.581Z"}
{"message":"Notes added successfully !","level":"info","timestamp":"2021-03-14T14:46:32.727Z"}
{"message":"Notes added successfully !","level":"info","timestamp":"2021-03-14T14:46:45.744Z"}
{"message":"server is listining at port 3000","level":"info","timestamp":"2021-03-14T14:48:58.437Z"}
{"message":"server is listining at port 3000","level":"info","timestamp":"2021-03-14T15:39:30.333Z"}
{"message":"server is listining at port 3000","level":"info","timestamp":"2021-03-14T15:40:52.593Z"}
{"message":"server is listining at port 3000","level":"info","timestamp":"2021-03-14T15:41:01.942Z"}
{"message":"server is listining at port 3000","level":"info","timestamp":"2021-03-14T15:43:23.270Z"}
{"message":"server is listining at port 3000","level":"info","timestamp":"2021-03-14T15:54:44.120Z"}
{"message":"Notes added successfully !","level":"info","timestamp":"2021-03-14T15:54:48.890Z"}
{"message":"server is listining at port 3000","level":"info","timestamp":"2021-03-14T15:55:28.560Z"}
{"message":"Notes added successfully !","level":"info","timestamp":"2021-03-14T15:56:40.072Z"}
{"message":"server is listining at port 3000","level":"info","timestamp":"2021-03-14T17:34:48.043Z"}
{"message":"Notes added successfully !","level":"info","timestamp":"2021-03-14T17:34:51.516Z"}
{"message":"server is listining at port 3000","level":"info","timestamp":"2021-03-14T17:35:24.204Z"}
{"message":"Notes added successfully !","level":"info","timestamp":"2021-03-14T17:35:28.446Z"}
{"message":"server is listining at port 3000","level":"info","timestamp":"2021-03-14T17:35:37.893Z"}
{"message":"Notes added successfully !","level":"info","timestamp":"2021-03-14T17:35:40.627Z"}
{"message":"server is listining at port 3000","level":"info","timestamp":"2021-03-14T17:36:11.906Z"}
{"message":"server is listining at port 3000","level":"info","timestamp":"2021-03-14T17:52:39.911Z"}
{"message":"Notes added successfully !","level":"info","timestamp":"2021-03-14T17:52:46.858Z"}
{"message":"server is listining at port 3000","level":"info","timestamp":"2021-03-14T17:52:59.566Z"}
{"message":"Notes added successfully !","level":"info","timestamp":"2021-03-14T17:53:00.210Z"}
{"message":"server is listining at port 3000","level":"info","timestamp":"2021-03-14T17:53:15.871Z"}
{"message":"Some error occurred while creating notes","level":"error","timestamp":"2021-03-14T17:53:16.515Z"}
{"message":"server is listining at port 3000","level":"info","timestamp":"2021-03-14T17:54:53.934Z"}
{"message":"Notes added successfully !","level":"info","timestamp":"2021-03-14T17:55:01.060Z"}
{"message":"server is listining at port 3000","level":"info","timestamp":"2021-03-14T17:55:28.172Z"}
{"message":"Notes added successfully !","level":"info","timestamp":"2021-03-14T17:55:28.949Z"}
{"message":"server is listining at port 3000","level":"info","timestamp":"2021-03-14T17:56:43.363Z"}
{"message":"server is listining at port 3000","level":"info","timestamp":"2021-03-14T17:57:21.969Z"}
{"message":"server is listining at port 3000","level":"info","timestamp":"2021-03-14T17:58:26.642Z"}
{"message":"server is listining at port 3000","level":"info","timestamp":"2021-03-14T17:59:32.570Z"}
{"message":"Some error occurred while creating notes","level":"error","timestamp":"2021-03-14T17:59:35.547Z"}
{"message":"server is listining at port 3000","level":"info","timestamp":"2021-03-14T18:00:02.003Z"}
{"message":"server is listining at port 3000","level":"info","timestamp":"2021-03-14T18:00:46.443Z"}
{"message":"server is listining at port 3000","level":"info","timestamp":"2021-03-14T18:00:53.018Z"}
{"message":"server is listining at port 3000","level":"info","timestamp":"2021-03-14T18:01:28.997Z"}
{"message":"Notes added successfully !","level":"info","timestamp":"2021-03-14T18:04:29.607Z"}
{"message":"server is listining at port 3000","level":"info","timestamp":"2021-03-14T18:05:27.735Z"}
{"message":"Notes added successfully !","level":"info","timestamp":"2021-03-14T18:05:32.024Z"}
{"message":"server is listining at port 3000","level":"info","timestamp":"2021-03-14T18:06:31.652Z"}
{"message":"Notes added successfully !","level":"info","timestamp":"2021-03-14T18:06:32.233Z"}
{"message":"server is listining at port 3000","level":"info","timestamp":"2021-03-14T18:06:52.150Z"}
{"message":"server is listining at port 3000","level":"info","timestamp":"2021-03-14T18:07:01.864Z"}
{"message":"Notes added successfully !","level":"info","timestamp":"2021-03-14T18:07:06.114Z"}
{"message":"server is listining at port 3000","level":"info","timestamp":"2021-03-14T18:07:49.996Z"}
{"message":"Notes added successfully !","level":"info","timestamp":"2021-03-14T18:07:55.667Z"}
{"message":"Notes added successfully !","level":"info","timestamp":"2021-03-14T18:10:43.401Z"}
{"message":"Notes added successfully !","level":"info","timestamp":"2021-03-14T18:10:51.042Z"}
{"message":"server is listining at port 3000","level":"info","timestamp":"2021-03-14T18:12:40.047Z"}
{"message":"Notes added successfully !","level":"info","timestamp":"2021-03-14T18:17:54.639Z"}
{"message":"Notes added successfully !","level":"info","timestamp":"2021-03-14T18:19:25.030Z"}
{"message":"server is listining at port 3000","level":"info","timestamp":"2021-03-14T18:19:53.523Z"}
{"message":"server is listining at port 3000","level":"info","timestamp":"2021-03-14T18:20:02.285Z"}
{"message":"server is listining at port 3000","level":"info","timestamp":"2021-03-14T18:20:18.886Z"}
{"message":"server is listining at port 3000","level":"info","timestamp":"2021-03-14T18:20:28.163Z"}
{"message":"server is listining at port 3000","level":"info","timestamp":"2021-03-14T18:20:41.224Z"}
{"message":"Notes added successfully !","level":"info","timestamp":"2021-03-14T18:20:46.535Z"}
{"message":"server is listining at port 3000","level":"info","timestamp":"2021-03-14T18:21:09.044Z"}
{"message":"Notes added successfully !","level":"info","timestamp":"2021-03-14T18:21:15.533Z"}
{"message":"server is listining at port 3000","level":"info","timestamp":"2021-03-14T18:21:36.679Z"}
{"message":"Notes added successfully !","level":"info","timestamp":"2021-03-14T18:21:38.566Z"}
{"message":"server is listining at port 3000","level":"info","timestamp":"2021-03-14T18:22:05.184Z"}
{"message":"Notes added successfully !","level":"info","timestamp":"2021-03-14T18:22:09.142Z"}
{"message":"server is listining at port 3000","level":"info","timestamp":"2021-03-14T18:22:51.131Z"}
{"message":"server is listining at port 3000","level":"info","timestamp":"2021-03-14T18:23:59.741Z"}
{"message":"server is listining at port 3000","level":"info","timestamp":"2021-03-14T18:24:09.022Z"}
{"message":"Notes added successfully !","level":"info","timestamp":"2021-03-14T18:24:11.037Z"}
{"message":"server is listining at port 3000","level":"info","timestamp":"2021-03-14T18:26:16.272Z"}
{"message":"Notes added successfully !","level":"info","timestamp":"2021-03-14T18:26:18.350Z"}
{"message":"server is listining at port 3000","level":"info","timestamp":"2021-03-14T18:28:15.866Z"}
{"message":"server is listining at port 3000","level":"info","timestamp":"2021-03-14T18:28:44.364Z"}
{"message":"server is listining at port 3000","level":"info","timestamp":"2021-03-14T18:29:00.516Z"}
{"message":"Notes added successfully !","level":"info","timestamp":"2021-03-14T18:29:07.556Z"}
{"message":"server is listining at port 3000","level":"info","timestamp":"2021-03-14T18:29:28.550Z"}
{"message":"Notes added successfully !","level":"info","timestamp":"2021-03-14T18:29:29.508Z"}
{"message":"server is listining at port 3000","level":"info","timestamp":"2021-03-14T18:30:38.490Z"}
{"message":"Notes added successfully !","level":"info","timestamp":"2021-03-14T18:30:41.047Z"}
{"message":"server is listining at port 3000","level":"info","timestamp":"2021-03-14T18:30:57.732Z"}
{"message":"Notes added successfully !","level":"info","timestamp":"2021-03-14T18:31:01.120Z"}
{"message":"server is listining at port 3000","level":"info","timestamp":"2021-03-14T18:31:21.622Z"}
{"message":"Notes added successfully !","level":"info","timestamp":"2021-03-14T18:31:28.908Z"}
{"message":"server is listining at port 3000","level":"info","timestamp":"2021-03-14T18:32:12.839Z"}
{"message":"Notes added successfully !","level":"info","timestamp":"2021-03-14T18:32:20.038Z"}
{"message":"server is listining at port 3000","level":"info","timestamp":"2021-03-14T18:41:12.903Z"}
{"message":"server is listining at port 3000","level":"info","timestamp":"2021-03-14T18:41:47.527Z"}
{"message":"server is listining at port 3000","level":"info","timestamp":"2021-03-14T18:42:21.296Z"}
{"message":"server is listining at port 3000","level":"info","timestamp":"2021-03-14T18:42:42.170Z"}
{"message":"server is listining at port 3000","level":"info","timestamp":"2021-03-14T18:45:41.427Z"}
{"message":"Notes added successfully !","level":"info","timestamp":"2021-03-14T18:45:43.356Z"}
{"message":"server is listining at port 3000","level":"info","timestamp":"2021-03-14T18:46:17.029Z"}
{"message":"Notes added successfully !","level":"info","timestamp":"2021-03-14T18:46:21.440Z"}
{"message":"server is listining at port 3000","level":"info","timestamp":"2021-03-14T18:46:48.340Z"}
{"message":"Notes added successfully !","level":"info","timestamp":"2021-03-14T18:46:58.833Z"}
{"message":"server is listining at port 3000","level":"info","timestamp":"2021-03-14T18:48:01.766Z"}
{"message":"Notes added successfully !","level":"info","timestamp":"2021-03-14T18:48:06.130Z"}
{"message":"server is listining at port 3000","level":"info","timestamp":"2021-03-14T18:48:23.797Z"}
{"message":"Notes added successfully !","level":"info","timestamp":"2021-03-14T18:48:38.336Z"}
{"message":"server is listining at port 3000","level":"info","timestamp":"2021-03-14T18:49:02.601Z"}
{"message":"Notes added successfully !","level":"info","timestamp":"2021-03-14T18:49:05.146Z"}
{"message":"server is listining at port 3000","level":"info","timestamp":"2021-03-14T18:50:54.681Z"}
{"message":"Notes added successfully !","level":"info","timestamp":"2021-03-14T18:50:58.062Z"}
{"message":"server is listining at port 3000","level":"info","timestamp":"2021-03-14T18:51:24.687Z"}
{"message":"Notes added successfully !","level":"info","timestamp":"2021-03-14T18:51:28.895Z"}
{"message":"server is listining at port 3000","level":"info","timestamp":"2021-03-14T18:53:19.332Z"}
{"message":"server is listining at port 3000","level":"info","timestamp":"2021-03-14T18:53:47.823Z"}
{"message":"server is listining at port 3000","level":"info","timestamp":"2021-03-14T18:54:45.545Z"}
{"message":"server is listining at port 3000","level":"info","timestamp":"2021-03-14T18:54:49.155Z"}
{"message":"Notes added successfully !","level":"info","timestamp":"2021-03-14T18:54:52.433Z"}
{"message":"Notes added successfully !","level":"info","timestamp":"2021-03-14T19:06:46.086Z"}
{"message":"server is listining at port 3000","level":"info","timestamp":"2021-03-14T19:07:52.915Z"}
{"message":"loogged in  successfully !","level":"info","timestamp":"2021-03-14T19:07:55.826Z"}
{"message":"server is listining at port 3000","level":"info","timestamp":"2021-03-14T19:08:33.384Z"}
{"message":"server is listining at port 3000","level":"info","timestamp":"2021-03-14T19:08:42.619Z"}
{"message":"loogged in  successfully !","level":"info","timestamp":"2021-03-14T19:08:44.457Z"}
{"message":"loogged in  successfully !","level":"info","timestamp":"2021-03-14T19:08:55.112Z"}
{"message":"server is listining at port 3000","level":"info","timestamp":"2021-03-14T19:09:06.545Z"}
{"message":"loogged in  successfully !","level":"info","timestamp":"2021-03-14T19:09:08.524Z"}
{"message":"loogged in  successfully !","level":"info","timestamp":"2021-03-14T19:09:15.122Z"}
{"message":"Notes added successfully !","level":"info","timestamp":"2021-03-14T19:10:45.342Z"}
{"message":"Some error occurred while creating notes","level":"error","timestamp":"2021-03-14T19:10:47.023Z"}
{"message":"Notes added successfully !","level":"info","timestamp":"2021-03-14T19:10:51.840Z"}
{"message":"Notes added successfully !","level":"info","timestamp":"2021-03-14T19:10:55.845Z"}
{"message":"loogged in  successfully !","level":"info","timestamp":"2021-03-14T19:11:00.805Z"}
{"message":"server is listining at port 3000","level":"info","timestamp":"2021-03-14T19:12:03.126Z"}
{"message":"loogged in  successfully !","level":"info","timestamp":"2021-03-14T19:12:09.310Z"}
{"message":"loogged in  successfully !","level":"info","timestamp":"2021-03-14T19:12:19.091Z"}
{"message":"loogged in  successfully !","level":"info","timestamp":"2021-03-14T19:18:56.569Z"}
{"message":"loogged in  successfully !","level":"info","timestamp":"2021-03-14T19:19:00.495Z"}
{"message":"server is listining at port 3000","level":"info","timestamp":"2021-03-14T19:20:45.177Z"}
{"message":"loogged in  successfully !","level":"info","timestamp":"2021-03-14T19:20:47.473Z"}
{"message":"server is listining at port 3000","level":"info","timestamp":"2021-03-14T19:21:10.239Z"}
{"message":"loogged in  successfully !","level":"info","timestamp":"2021-03-14T19:21:19.974Z"}
{"message":"server is listining at port 3000","level":"info","timestamp":"2021-03-14T19:21:53.910Z"}
{"message":"loogged in  successfully !","level":"info","timestamp":"2021-03-14T19:21:55.729Z"}
{"message":"server is listining at port 3000","level":"info","timestamp":"2021-03-14T19:22:03.612Z"}
{"message":"loogged in  successfully !","level":"info","timestamp":"2021-03-14T19:22:05.602Z"}
{"message":"server is listining at port 3000","level":"info","timestamp":"2021-03-14T19:22:15.361Z"}
{"message":"loogged in  successfully !","level":"info","timestamp":"2021-03-14T19:22:19.802Z"}
{"message":"server is listining at port 3000","level":"info","timestamp":"2021-03-14T19:22:47.644Z"}
{"message":"loogged in  successfully !","level":"info","timestamp":"2021-03-14T19:22:48.938Z"}
{"message":"server is listining at port 3000","level":"info","timestamp":"2021-03-14T19:22:57.982Z"}
{"message":"loogged in  successfully !","level":"info","timestamp":"2021-03-14T19:22:58.601Z"}
{"message":"server is listining at port 3000","level":"info","timestamp":"2021-03-14T19:23:22.960Z"}
{"message":"server is listining at port 3000","level":"info","timestamp":"2021-03-14T19:23:31.040Z"}
{"message":"loogged in  successfully !","level":"info","timestamp":"2021-03-14T19:23:33.812Z"}
{"message":"server is listining at port 3000","level":"info","timestamp":"2021-03-14T19:27:13.274Z"}
{"message":"server is listining at port 3000","level":"info","timestamp":"2021-03-14T19:27:20.718Z"}
{"message":"logged in  successfully !","level":"info","timestamp":"2021-03-14T19:27:31.072Z"}
{"message":"server is listining at port 3000","level":"info","timestamp":"2021-03-14T19:28:08.307Z"}
{"message":"logged in  successfully !","level":"info","timestamp":"2021-03-14T19:28:11.622Z"}
{"message":"logged in  successfully !","level":"info","timestamp":"2021-03-14T19:28:21.536Z"}
{"message":"logged in  successfully !","level":"info","timestamp":"2021-03-14T19:28:37.477Z"}
{"message":"logged in  successfully !","level":"info","timestamp":"2021-03-14T19:28:45.756Z"}
{"message":"server is listining at port 3000","level":"info","timestamp":"2021-03-14T19:29:00.171Z"}
{"message":"logged in  successfully !","level":"info","timestamp":"2021-03-14T19:29:02.692Z"}
{"message":"logged in  successfully !","level":"info","timestamp":"2021-03-14T19:29:09.008Z"}
{"message":"server is listining at port 3000","level":"info","timestamp":"2021-03-14T19:29:27.269Z"}
{"message":"logged in  successfully !","level":"info","timestamp":"2021-03-14T19:29:31.683Z"}
{"message":"logged in  successfully !","level":"info","timestamp":"2021-03-14T19:29:40.967Z"}
{"message":"server is listining at port 3000","level":"info","timestamp":"2021-03-14T19:30:57.901Z"}
{"message":"server is listining at port 3000","level":"info","timestamp":"2021-03-14T19:31:20.083Z"}
{"message":"server is listining at port 3000","level":"info","timestamp":"2021-03-14T19:31:51.193Z"}
{"message":"server is listining at port 3000","level":"info","timestamp":"2021-03-14T19:31:53.888Z"}
{"message":"logged in  successfully !","level":"info","timestamp":"2021-03-14T19:32:00.811Z"}
{"message":"server is listining at port 3000","level":"info","timestamp":"2021-03-14T19:32:20.300Z"}
{"message":"server is listining at port 3000","level":"info","timestamp":"2021-03-14T19:32:24.442Z"}
{"message":"server is listining at port 3000","level":"info","timestamp":"2021-03-14T19:33:45.722Z"}
{"message":"logged in  successfully !","level":"info","timestamp":"2021-03-14T19:33:49.686Z"}
{"message":"logged in  successfully !","level":"info","timestamp":"2021-03-14T19:34:05.363Z"}
{"message":"server is listining at port 3000","level":"info","timestamp":"2021-03-15T04:10:11.893Z"}
{"message":"logged in  successfully !","level":"info","timestamp":"2021-03-15T04:10:56.113Z"}
{"message":"server is listining at port 3000","level":"info","timestamp":"2021-03-15T04:12:11.220Z"}
{"message":"server is listining at port 3000","level":"info","timestamp":"2021-03-15T04:12:55.195Z"}
{"message":"server is listining at port 3000","level":"info","timestamp":"2021-03-15T04:13:45.904Z"}
{"message":"logged in  successfully !","level":"info","timestamp":"2021-03-15T04:14:00.219Z"}
{"message":"server is listining at port 3000","level":"info","timestamp":"2021-03-15T04:14:38.119Z"}
{"message":"logged in  successfully !","level":"info","timestamp":"2021-03-15T04:15:03.357Z"}
{"message":"server is listining at port 3000","level":"info","timestamp":"2021-03-15T04:21:37.005Z"}
{"message":"logged in  successfully !","level":"info","timestamp":"2021-03-15T04:24:44.121Z"}
{"message":"server is listining at port 3000","level":"info","timestamp":"2021-03-15T04:30:38.437Z"}
{"message":"logged in  successfully !","level":"info","timestamp":"2021-03-15T04:30:47.313Z"}
{"message":"server is listining at port 3000","level":"info","timestamp":"2021-03-15T04:32:23.319Z"}
{"message":"server is listining at port 3000","level":"info","timestamp":"2021-03-15T04:33:04.443Z"}
{"message":"logged in  successfully !","level":"info","timestamp":"2021-03-15T04:33:18.807Z"}
{"message":"server is listining at port 3000","level":"info","timestamp":"2021-03-15T07:39:19.947Z"}
{"message":"logged in  successfully !","level":"info","timestamp":"2021-03-15T07:39:23.875Z"}
{"message":"server is listining at port 3000","level":"info","timestamp":"2021-03-15T07:40:04.509Z"}
{"message":"server is listining at port 3000","level":"info","timestamp":"2021-03-15T07:40:09.246Z"}
{"message":"server is listining at port 3000","level":"info","timestamp":"2021-03-15T07:40:26.888Z"}
{"message":"logged in  successfully !","level":"info","timestamp":"2021-03-15T07:40:31.545Z"}
{"message":"server is listining at port 3000","level":"info","timestamp":"2021-03-15T07:41:02.881Z"}
{"message":"server is listining at port 3000","level":"info","timestamp":"2021-03-15T07:41:59.625Z"}
{"message":"logged in  successfully !","level":"info","timestamp":"2021-03-15T07:42:04.433Z"}
{"message":"server is listining at port 3000","level":"info","timestamp":"2021-03-15T07:42:37.510Z"}
{"message":"server is listining at port 3000","level":"info","timestamp":"2021-03-15T07:43:10.529Z"}
{"message":"server is listining at port 3000","level":"info","timestamp":"2021-03-15T07:43:13.325Z"}
{"message":"logged in  successfully !","level":"info","timestamp":"2021-03-15T07:43:14.322Z"}
{"message":"server is listining at port 3000","level":"info","timestamp":"2021-03-15T07:43:36.019Z"}
{"message":"server is listining at port 3000","level":"info","timestamp":"2021-03-15T07:45:10.329Z"}
{"message":"logged in  successfully !","level":"info","timestamp":"2021-03-15T07:45:15.600Z"}
{"message":"server is listining at port 3000","level":"info","timestamp":"2021-03-15T07:45:59.913Z"}
{"message":"server is listining at port 3000","level":"info","timestamp":"2021-03-15T07:47:59.901Z"}
{"message":"server is listining at port 3000","level":"info","timestamp":"2021-03-15T07:48:30.474Z"}
{"message":"logged in  successfully !","level":"info","timestamp":"2021-03-15T07:48:35.390Z"}
{"message":"server is listining at port 3000","level":"info","timestamp":"2021-03-15T07:51:11.467Z"}
{"message":"logged in  successfully !","level":"info","timestamp":"2021-03-15T07:51:17.256Z"}
{"message":"server is listining at port 3000","level":"info","timestamp":"2021-03-15T07:51:45.510Z"}
{"message":"server is listining at port 3000","level":"info","timestamp":"2021-03-15T07:51:52.414Z"}
{"message":"logged in  successfully !","level":"info","timestamp":"2021-03-15T07:51:56.724Z"}
{"message":"server is listining at port 3000","level":"info","timestamp":"2021-03-15T07:52:18.405Z"}
{"message":"server is listining at port 3000","level":"info","timestamp":"2021-03-15T07:52:23.143Z"}
{"message":"logged in  successfully !","level":"info","timestamp":"2021-03-15T07:52:31.903Z"}
{"message":"server is listining at port 3000","level":"info","timestamp":"2021-03-15T07:52:50.519Z"}
{"message":"logged in  successfully !","level":"info","timestamp":"2021-03-15T07:52:55.457Z"}
{"message":"server is listining at port 3000","level":"info","timestamp":"2021-03-15T07:54:08.117Z"}
{"message":"logged in  successfully !","level":"info","timestamp":"2021-03-15T07:54:11.288Z"}
{"message":"server is listining at port 3000","level":"info","timestamp":"2021-03-15T07:57:54.860Z"}
{"message":"server is listining at port 3000","level":"info","timestamp":"2021-03-15T08:02:04.893Z"}
{"message":"server is listining at port 3000","level":"info","timestamp":"2021-03-15T08:04:17.732Z"}
{"message":"server is listining at port 3000","level":"info","timestamp":"2021-03-15T08:04:27.347Z"}
{"message":"server is listining at port 3000","level":"info","timestamp":"2021-03-15T08:06:18.369Z"}
{"message":"server is listining at port 3000","level":"info","timestamp":"2021-03-15T08:06:58.543Z"}
{"message":"server is listining at port 3000","level":"info","timestamp":"2021-03-15T08:08:03.895Z"}
{"message":"server is listining at port 3000","level":"info","timestamp":"2021-03-15T08:10:22.325Z"}
{"message":"server is listining at port 3000","level":"info","timestamp":"2021-03-15T08:10:30.084Z"}
{"message":"server is listining at port 3000","level":"info","timestamp":"2021-03-15T08:13:44.698Z"}
{"message":"server is listining at port 3000","level":"info","timestamp":"2021-03-15T08:13:58.030Z"}
{"message":"server is listining at port 3000","level":"info","timestamp":"2021-03-15T08:16:33.770Z"}
{"message":"server is listining at port 3000","level":"info","timestamp":"2021-03-15T08:16:59.720Z"}
{"message":"logged in  successfully !","level":"info","timestamp":"2021-03-15T08:17:05.402Z"}
{"message":"server is listining at port 3000","level":"info","timestamp":"2021-03-15T08:18:09.938Z"}
{"message":"logged in  successfully !","level":"info","timestamp":"2021-03-15T08:18:12.830Z"}
{"message":"server is listining at port 3000","level":"info","timestamp":"2021-03-15T08:19:19.804Z"}
{"message":"server is listining at port 3000","level":"info","timestamp":"2021-03-15T08:23:12.989Z"}
{"message":"server is listining at port 3000","level":"info","timestamp":"2021-03-15T08:27:10.177Z"}
{"message":"server is listining at port 3000","level":"info","timestamp":"2021-03-15T08:29:08.337Z"}
{"message":"server is listining at port 3000","level":"info","timestamp":"2021-03-15T08:30:06.774Z"}
{"message":"logged in  successfully !","level":"info","timestamp":"2021-03-15T08:30:19.536Z"}
{"message":"server is listining at port 3000","level":"info","timestamp":"2021-03-15T08:31:00.923Z"}
{"message":"server is listining at port 3000","level":"info","timestamp":"2021-03-15T08:31:42.707Z"}
{"message":"server is listining at port 3000","level":"info","timestamp":"2021-03-15T08:32:27.265Z"}
{"message":"server is listining at port 3000","level":"info","timestamp":"2021-03-15T08:43:00.416Z"}
{"message":"Some error occurred while logging in","level":"error","timestamp":"2021-03-15T08:43:11.325Z"}
{"message":"Some error occurred while logging in","level":"error","timestamp":"2021-03-15T08:43:17.790Z"}
{"message":"server is listining at port 3000","level":"info","timestamp":"2021-03-15T08:44:05.846Z"}
{"message":"Some error occurred while logging in","level":"error","timestamp":"2021-03-15T08:44:12.666Z"}
{"message":"server is listining at port 3000","level":"info","timestamp":"2021-03-15T08:50:57.318Z"}
{"message":"Some error occurred while logging in","level":"error","timestamp":"2021-03-15T08:51:03.052Z"}
{"message":"server is listining at port 3000","level":"info","timestamp":"2021-03-15T08:51:26.661Z"}
{"message":"server is listining at port 3000","level":"info","timestamp":"2021-03-15T09:43:30.337Z"}
{"message":"logged in  successfully !","level":"info","timestamp":"2021-03-15T09:43:45.900Z"}
{"message":"server is listining at port 3000","level":"info","timestamp":"2021-03-15T09:44:31.874Z"}
{"message":"server is listining at port 3000","level":"info","timestamp":"2021-03-15T09:44:58.876Z"}
{"message":"logged in  successfully !","level":"info","timestamp":"2021-03-15T09:45:02.066Z"}
{"message":"logged in  successfully !","level":"info","timestamp":"2021-03-15T09:45:06.865Z"}
{"message":"logged in  successfully !","level":"info","timestamp":"2021-03-15T09:45:11.308Z"}
{"message":"logged in  successfully !","level":"info","timestamp":"2021-03-15T09:45:12.810Z"}
{"message":"logged in  successfully !","level":"info","timestamp":"2021-03-15T09:45:14.362Z"}
{"message":"logged in  successfully !","level":"info","timestamp":"2021-03-15T09:45:16.693Z"}
{"message":"server is listining at port 3000","level":"info","timestamp":"2021-03-15T11:43:59.038Z"}
{"message":"server is listining at port 3000","level":"info","timestamp":"2021-03-15T11:44:59.692Z"}
{"message":"server is listining at port 3000","level":"info","timestamp":"2021-03-15T11:45:26.072Z"}
{"message":"server is listining at port 3000","level":"info","timestamp":"2021-03-15T11:46:07.653Z"}
{"message":"server is listining at port 3000","level":"info","timestamp":"2021-03-15T11:49:28.560Z"}
{"message":"server is listining at port 3000","level":"info","timestamp":"2021-03-15T11:49:48.382Z"}
{"message":"server is listining at port 3000","level":"info","timestamp":"2021-03-15T12:11:05.896Z"}
{"message":"server is listining at port 3000","level":"info","timestamp":"2021-03-15T12:11:23.490Z"}
{"message":"server is listining at port 3000","level":"info","timestamp":"2021-03-15T12:13:10.554Z"}
{"message":"server is listining at port 3000","level":"info","timestamp":"2021-03-15T12:13:29.957Z"}
{"message":"server is listining at port 3000","level":"info","timestamp":"2021-03-15T12:13:41.040Z"}
{"message":"server is listining at port 3000","level":"info","timestamp":"2021-03-15T12:20:49.267Z"}
{"message":"server is listining at port 3000","level":"info","timestamp":"2021-03-15T15:21:45.926Z"}
{"message":"server is listining at port 3000","level":"info","timestamp":"2021-03-15T15:30:27.167Z"}
{"message":"server is listining at port 3000","level":"info","timestamp":"2021-03-15T15:37:33.012Z"}
{"message":"server is listining at port 3000","level":"info","timestamp":"2021-03-15T15:39:08.325Z"}
{"message":"server is listining at port 3000","level":"info","timestamp":"2021-03-15T15:41:13.560Z"}
{"message":"server is listining at port 3000","level":"info","timestamp":"2021-03-15T15:41:34.956Z"}
{"message":"server is listining at port 3000","level":"info","timestamp":"2021-03-15T15:42:28.369Z"}
{"message":"server is listining at port 3000","level":"info","timestamp":"2021-03-15T15:45:53.460Z"}
{"message":"server is listining at port 3000","level":"info","timestamp":"2021-03-15T15:46:49.991Z"}
{"message":"server is listining at port 3000","level":"info","timestamp":"2021-03-15T15:58:59.400Z"}
{"message":"server is listining at port 3000","level":"info","timestamp":"2021-03-15T15:59:47.386Z"}
{"message":"server is listining at port 3000","level":"info","timestamp":"2021-03-15T16:00:21.720Z"}
{"message":"server is listining at port 3000","level":"info","timestamp":"2021-03-15T16:01:42.431Z"}
{"message":"server is listining at port 3000","level":"info","timestamp":"2021-03-16T05:31:20.172Z"}
{"message":"email sent sucessfully","level":"info","timestamp":"2021-03-16T05:33:30.039Z"}
{"message":"server is listining at port 3000","level":"info","timestamp":"2021-03-16T05:43:15.340Z"}
{"message":"server is listining at port 3000","level":"info","timestamp":"2021-03-16T07:03:15.095Z"}
{"message":"email sent sucessfully","level":"info","timestamp":"2021-03-16T07:03:17.426Z"}
{"message":"server is listining at port 3000","level":"info","timestamp":"2021-03-16T07:04:26.755Z"}
{"message":"email sent sucessfully","level":"info","timestamp":"2021-03-16T07:04:29.717Z"}
{"message":"server is listining at port 3000","level":"info","timestamp":"2021-03-16T07:05:46.424Z"}
{"message":"email sent sucessfully","level":"info","timestamp":"2021-03-16T07:05:49.031Z"}
{"message":"server is listining at port 3000","level":"info","timestamp":"2021-03-16T07:13:23.292Z"}
{"message":"email sent sucessfully","level":"info","timestamp":"2021-03-16T07:13:25.313Z"}
{"message":"server is listining at port 3000","level":"info","timestamp":"2021-03-16T08:01:21.546Z"}
{"message":"server is listining at port 3000","level":"info","timestamp":"2021-03-16T08:03:01.396Z"}
{"message":"email sent sucessfully","level":"info","timestamp":"2021-03-16T08:03:21.169Z"}
{"message":"server is listining at port 3000","level":"info","timestamp":"2021-03-16T08:11:44.089Z"}
{"message":"server is listining at port 3000","level":"info","timestamp":"2021-03-16T09:00:42.529Z"}
{"message":"server is listining at port 3000","level":"info","timestamp":"2021-03-16T09:13:07.986Z"}
{"message":"server is listining at port 3000","level":"info","timestamp":"2021-03-16T09:14:36.765Z"}
{"message":"server is listining at port 3000","level":"info","timestamp":"2021-03-16T09:14:50.975Z"}
{"message":"server is listining at port 3000","level":"info","timestamp":"2021-03-16T09:19:49.518Z"}
{"message":"server is listining at port 3000","level":"info","timestamp":"2021-03-16T09:20:37.894Z"}
{"message":"server is listining at port 3000","level":"info","timestamp":"2021-03-16T09:20:49.597Z"}
{"message":"server is listining at port 3000","level":"info","timestamp":"2021-03-16T09:23:52.564Z"}
{"message":"server is listining at port 3000","level":"info","timestamp":"2021-03-16T09:26:44.677Z"}
{"message":"server is listining at port 3000","level":"info","timestamp":"2021-03-16T09:26:47.882Z"}
{"message":"paswword chenged sucessfully","level":"info","timestamp":"2021-03-16T09:26:50.754Z"}
{"message":"server is listining at port 3000","level":"info","timestamp":"2021-03-16T09:29:26.881Z"}
{"message":"paswword chenged sucessfully","level":"info","timestamp":"2021-03-16T09:29:27.699Z"}
{"message":"server is listining at port 3000","level":"info","timestamp":"2021-03-16T09:29:41.148Z"}
{"message":"server is listining at port 3000","level":"info","timestamp":"2021-03-16T09:29:50.619Z"}
{"message":"paswword chenged sucessfully","level":"info","timestamp":"2021-03-16T09:29:52.993Z"}
{"message":"server is listining at port 3000","level":"info","timestamp":"2021-03-16T10:05:08.662Z"}
{"message":"paswword chenged sucessfully","level":"info","timestamp":"2021-03-16T10:05:10.724Z"}
{"message":"server is listining at port 3000","level":"info","timestamp":"2021-03-16T10:05:34.215Z"}
{"message":"server is listining at port 3000","level":"info","timestamp":"2021-03-16T10:05:45.864Z"}
{"message":"server is listining at port 3000","level":"info","timestamp":"2021-03-16T10:07:24.907Z"}
{"message":"server is listining at port 3000","level":"info","timestamp":"2021-03-16T10:08:45.471Z"}
{"message":"server is listining at port 3000","level":"info","timestamp":"2021-03-16T10:11:12.039Z"}
{"message":"server is listining at port 3000","level":"info","timestamp":"2021-03-16T10:11:36.538Z"}
{"message":"server is listining at port 3000","level":"info","timestamp":"2021-03-16T10:13:01.069Z"}
{"message":"paswword chenged sucessfully","level":"info","timestamp":"2021-03-16T10:13:03.441Z"}
{"message":"server is listining at port 3000","level":"info","timestamp":"2021-03-16T10:13:44.506Z"}
{"message":"paswword chenged sucessfully","level":"info","timestamp":"2021-03-16T10:13:49.053Z"}
{"message":"server is listining at port 3000","level":"info","timestamp":"2021-03-16T10:14:34.263Z"}
{"message":"paswword chenged sucessfully","level":"info","timestamp":"2021-03-16T10:14:37.542Z"}
{"message":"server is listining at port 3000","level":"info","timestamp":"2021-03-16T10:15:47.259Z"}
{"message":"paswword chenged sucessfully","level":"info","timestamp":"2021-03-16T10:15:49.368Z"}
{"message":"server is listining at port 3000","level":"info","timestamp":"2021-03-16T10:16:51.959Z"}
{"message":"server is listining at port 3000","level":"info","timestamp":"2021-03-16T10:17:27.199Z"}
{"message":"paswword chenged sucessfully","level":"info","timestamp":"2021-03-16T10:17:30.488Z"}
{"message":"server is listining at port 3000","level":"info","timestamp":"2021-03-16T10:18:40.480Z"}
{"message":"paswword chenged sucessfully","level":"info","timestamp":"2021-03-16T10:18:51.091Z"}
{"message":"server is listining at port 3000","level":"info","timestamp":"2021-03-16T10:19:05.064Z"}
{"message":"paswword chenged sucessfully","level":"info","timestamp":"2021-03-16T10:19:09.679Z"}
{"message":"server is listining at port 3000","level":"info","timestamp":"2021-03-16T10:19:30.870Z"}
{"message":"paswword chenged sucessfully","level":"info","timestamp":"2021-03-16T10:19:36.061Z"}
{"message":"server is listining at port 3000","level":"info","timestamp":"2021-03-16T10:22:28.605Z"}
{"message":"server is listining at port 3000","level":"info","timestamp":"2021-03-16T10:22:44.778Z"}
{"message":"server is listining at port 3000","level":"info","timestamp":"2021-03-16T10:23:15.874Z"}
{"message":"server is listining at port 3000","level":"info","timestamp":"2021-03-16T10:23:19.978Z"}
{"message":"paswword chenged sucessfully","level":"info","timestamp":"2021-03-16T10:23:25.530Z"}
{"message":"server is listining at port 3000","level":"info","timestamp":"2021-03-17T03:24:06.969Z"}
{"message":"email sent sucessfully","level":"info","timestamp":"2021-03-17T03:24:46.510Z"}
{"message":"server is listining at port 3000","level":"info","timestamp":"2021-03-17T03:27:50.325Z"}
{"message":"email sent sucessfully","level":"info","timestamp":"2021-03-17T03:28:01.874Z"}
{"message":"server is listining at port 3000","level":"info","timestamp":"2021-03-17T03:28:43.160Z"}
{"message":"server is listining at port 3000","level":"info","timestamp":"2021-03-17T03:29:13.306Z"}
{"message":"email sent sucessfully","level":"info","timestamp":"2021-03-17T03:29:20.686Z"}
{"message":"server is listining at port 3000","level":"info","timestamp":"2021-03-17T03:36:16.372Z"}
{"message":"email sent sucessfully","level":"info","timestamp":"2021-03-17T03:36:20.121Z"}
{"message":"server is listining at port 3000","level":"info","timestamp":"2021-03-17T03:36:59.876Z"}
{"message":"server is listining at port 3000","level":"info","timestamp":"2021-03-17T03:37:12.813Z"}
{"message":"email sent sucessfully","level":"info","timestamp":"2021-03-17T03:37:17.961Z"}
{"message":"server is listining at port 3000","level":"info","timestamp":"2021-03-17T03:37:45.585Z"}
{"message":"email sent sucessfully","level":"info","timestamp":"2021-03-17T03:37:49.603Z"}
{"message":"server is listining at port 3000","level":"info","timestamp":"2021-03-17T03:38:15.890Z"}
{"message":"email sent sucessfully","level":"info","timestamp":"2021-03-17T03:38:20.230Z"}
{"message":"server is listining at port 3000","level":"info","timestamp":"2021-03-17T03:40:02.168Z"}
{"message":"email sent sucessfully","level":"info","timestamp":"2021-03-17T03:40:10.200Z"}
{"message":"server is listining at port 3000","level":"info","timestamp":"2021-03-17T03:58:18.116Z"}
{"message":"server is listining at port 3000","level":"info","timestamp":"2021-03-17T04:23:03.528Z"}
{"message":"email sent sucessfully","level":"info","timestamp":"2021-03-17T04:23:12.797Z"}
{"message":"server is listining at port 3000","level":"info","timestamp":"2021-03-17T04:25:21.900Z"}
{"message":"email sent sucessfully","level":"info","timestamp":"2021-03-17T04:25:26.464Z"}
{"message":"server is listining at port 3000","level":"info","timestamp":"2021-03-17T04:26:16.362Z"}
{"message":"server is listining at port 3000","level":"info","timestamp":"2021-03-17T04:26:25.794Z"}
{"message":"email sent sucessfully","level":"info","timestamp":"2021-03-17T04:26:29.255Z"}
{"message":"server is listining at port 3000","level":"info","timestamp":"2021-03-17T04:30:10.802Z"}
{"message":"server is listining at port 3000","level":"info","timestamp":"2021-03-17T05:21:06.293Z"}
{"message":"email sent sucessfully","level":"info","timestamp":"2021-03-17T05:21:16.683Z"}
{"message":"server is listining at port 3000","level":"info","timestamp":"2021-03-17T05:21:34.796Z"}
{"message":"email sent sucessfully","level":"info","timestamp":"2021-03-17T05:21:39.599Z"}
{"message":"server is listining at port 3000","level":"info","timestamp":"2021-03-17T05:28:27.054Z"}
{"message":"email sent sucessfully","level":"info","timestamp":"2021-03-17T05:28:33.206Z"}
{"message":"server is listining at port 3000","level":"info","timestamp":"2021-03-17T05:29:12.684Z"}
{"message":"email sent sucessfully","level":"info","timestamp":"2021-03-17T05:29:21.354Z"}
{"message":"server is listining at port 3000","level":"info","timestamp":"2021-03-17T05:29:59.740Z"}
{"message":"server is listining at port 3000","level":"info","timestamp":"2021-03-17T08:14:44.877Z"}
{"message":"paswword chenged sucessfully","level":"info","timestamp":"2021-03-17T08:15:08.618Z"}
{"message":"logged in  successfully !","level":"info","timestamp":"2021-03-17T08:15:36.429Z"}
{"message":"logged in  successfully !","level":"info","timestamp":"2021-03-17T08:15:54.391Z"}
{"message":"server is listining at port 3000","level":"info","timestamp":"2021-03-17T08:22:56.027Z"}
{"message":"server is listining at port 3000","level":"info","timestamp":"2021-03-17T08:41:45.819Z"}
{"message":"server is listining at port 3000","level":"info","timestamp":"2021-03-17T08:54:38.379Z"}
{"message":"server is listining at port 3000","level":"info","timestamp":"2021-03-17T08:54:56.578Z"}
{"message":"server is listining at port 3000","level":"info","timestamp":"2021-03-17T10:12:16.608Z"}
{"message":"server is listining at port 3000","level":"info","timestamp":"2021-03-17T10:13:01.355Z"}
{"message":"server is listining at port 3000","level":"info","timestamp":"2021-03-17T10:13:39.093Z"}
{"message":"server is listining at port 3000","level":"info","timestamp":"2021-03-17T12:03:24.037Z"}
{"message":"server is listining at port 3000","level":"info","timestamp":"2021-03-17T12:03:39.481Z"}
{"message":"server is listining at port 3000","level":"info","timestamp":"2021-03-17T12:05:59.289Z"}
{"message":"server is listining at port 3000","level":"info","timestamp":"2021-03-17T12:06:46.678Z"}
{"message":"Notes added successfully !","level":"info","timestamp":"2021-03-17T12:08:27.717Z"}
{"message":"Some error occurred while creating notes","level":"error","timestamp":"2021-03-17T12:09:49.901Z"}
{"message":"server is listining at port 3000","level":"info","timestamp":"2021-03-17T12:13:06.450Z"}
{"message":"server is listining at port 3000","level":"info","timestamp":"2021-03-17T12:14:37.230Z"}
{"message":"server is listining at port 3000","level":"info","timestamp":"2021-03-17T12:17:42.863Z"}
{"message":"logged in  successfully !","level":"info","timestamp":"2021-03-17T12:19:44.365Z"}
{"message":"logged in  successfully !","level":"info","timestamp":"2021-03-17T12:20:04.182Z"}
{"message":"server is listining at port 3000","level":"info","timestamp":"2021-03-17T12:42:38.743Z"}
{"message":"server is listining at port 3000","level":"info","timestamp":"2021-03-17T12:43:21.369Z"}
{"message":"server is listining at port 3000","level":"info","timestamp":"2021-03-17T12:44:19.560Z"}
{"message":"Some error occurred while logging in","level":"error","timestamp":"2021-03-17T12:44:39.842Z"}
{"message":"email sent sucessfully","level":"info","timestamp":"2021-03-17T12:45:17.906Z"}
{"message":"server is listining at port 3000","level":"info","timestamp":"2021-03-17T12:46:24.195Z"}
{"message":"server is listining at port 3000","level":"info","timestamp":"2021-03-17T12:47:52.581Z"}
{"message":"server is listining at port 3000","level":"info","timestamp":"2021-03-17T12:48:28.469Z"}
{"message":"logged in  successfully !","level":"info","timestamp":"2021-03-17T12:51:35.132Z"}
{"message":"server is listining at port 3000","level":"info","timestamp":"2021-03-17T12:53:02.581Z"}
{"message":"paswword chenged sucessfully","level":"info","timestamp":"2021-03-17T12:55:12.532Z"}
{"message":"logged in  successfully !","level":"info","timestamp":"2021-03-17T12:55:28.227Z"}
{"message":"paswword chenged sucessfully","level":"info","timestamp":"2021-03-17T12:57:18.192Z"}
{"message":"logged in  successfully !","level":"info","timestamp":"2021-03-17T12:57:48.330Z"}
{"message":"server is listining at port 3000","level":"info","timestamp":"2021-03-18T02:52:14.473Z"}
{"message":"server is listining at port 3000","level":"info","timestamp":"2021-03-18T02:54:02.318Z"}
{"message":"server is listining at port 3000","level":"info","timestamp":"2021-03-18T02:59:58.955Z"}
{"message":"server is listining at port 3000","level":"info","timestamp":"2021-03-18T03:00:56.075Z"}
{"message":"server is listining at port 3000","level":"info","timestamp":"2021-03-18T03:01:25.362Z"}
{"message":"Notes added successfully !","level":"info","timestamp":"2021-03-18T03:01:25.557Z"}
{"message":"server is listining at port 3000","level":"info","timestamp":"2021-03-18T03:02:29.561Z"}
{"message":"Some error occurred while creating notes","level":"error","timestamp":"2021-03-18T03:02:29.839Z"}
{"message":"server is listining at port 3000","level":"info","timestamp":"2021-03-18T03:02:43.723Z"}
{"message":"Some error occurred while creating notes","level":"error","timestamp":"2021-03-18T03:02:43.896Z"}
{"message":"server is listining at port 3000","level":"info","timestamp":"2021-03-18T03:03:55.477Z"}
{"message":"server is listining at port 3000","level":"info","timestamp":"2021-03-18T03:04:54.460Z"}
{"message":"server is listining at port 3000","level":"info","timestamp":"2021-03-18T03:05:34.065Z"}
{"message":"server is listining at port 3000","level":"info","timestamp":"2021-03-18T03:06:02.852Z"}
{"message":"Some error occurred while creating notes","level":"error","timestamp":"2021-03-18T03:06:03.027Z"}
{"message":"server is listining at port 3000","level":"info","timestamp":"2021-03-18T03:06:29.163Z"}
{"message":"Some error occurred while creating notes","level":"error","timestamp":"2021-03-18T03:06:29.340Z"}
{"message":"server is listining at port 3000","level":"info","timestamp":"2021-03-18T03:09:44.341Z"}
{"message":"Notes added successfully !","level":"info","timestamp":"2021-03-18T03:09:44.525Z"}
{"message":"server is listining at port 3000","level":"info","timestamp":"2021-03-18T03:10:10.312Z"}
{"message":"Some error occurred while creating notes","level":"error","timestamp":"2021-03-18T03:10:10.490Z"}
{"message":"server is listining at port 3000","level":"info","timestamp":"2021-03-18T03:10:37.092Z"}
{"message":"Some error occurred while creating notes","level":"error","timestamp":"2021-03-18T03:10:37.278Z"}
{"message":"server is listining at port 3000","level":"info","timestamp":"2021-03-18T03:10:54.652Z"}
{"message":"Some error occurred while creating notes","level":"error","timestamp":"2021-03-18T03:10:54.958Z"}
{"message":"server is listining at port 3000","level":"info","timestamp":"2021-03-18T03:11:15.062Z"}
{"message":"Some error occurred while creating notes","level":"error","timestamp":"2021-03-18T03:11:15.248Z"}
{"message":"server is listining at port 3000","level":"info","timestamp":"2021-03-18T03:11:52.104Z"}
{"message":"Some error occurred while creating notes","level":"error","timestamp":"2021-03-18T03:11:52.290Z"}
{"message":"server is listining at port 3000","level":"info","timestamp":"2021-03-18T03:12:13.219Z"}
{"message":"Notes added successfully !","level":"info","timestamp":"2021-03-18T03:12:13.400Z"}
{"message":"server is listining at port 3000","level":"info","timestamp":"2021-03-18T03:22:41.587Z"}
{"message":"Some error occurred while creating notes","level":"error","timestamp":"2021-03-18T03:22:41.801Z"}
{"message":"server is listining at port 3000","level":"info","timestamp":"2021-03-18T03:24:05.718Z"}
{"message":"Some error occurred while creating notes","level":"error","timestamp":"2021-03-18T03:24:05.894Z"}
{"message":"server is listining at port 3000","level":"info","timestamp":"2021-03-18T03:24:32.479Z"}
{"message":"Some error occurred while creating notes","level":"error","timestamp":"2021-03-18T03:24:32.654Z"}
{"message":"Some error occurred while creating notes","level":"error","timestamp":"2021-03-18T03:24:32.763Z"}
{"message":"server is listining at port 3000","level":"info","timestamp":"2021-03-18T03:32:21.033Z"}
{"message":"Some error occurred while creating notes","level":"error","timestamp":"2021-03-18T03:32:21.197Z"}
{"message":"Some error occurred while creating notes","level":"error","timestamp":"2021-03-18T03:32:21.304Z"}
{"message":"logged in  successfully !","level":"info","timestamp":"2021-03-18T03:33:41.754Z"}
{"message":"server is listining at port 3000","level":"info","timestamp":"2021-03-18T03:34:10.039Z"}
{"message":"Some error occurred while creating notes","level":"error","timestamp":"2021-03-18T03:34:10.234Z"}
{"message":"Some error occurred while creating notes","level":"error","timestamp":"2021-03-18T03:34:10.341Z"}
{"message":"server is listining at port 3000","level":"info","timestamp":"2021-03-18T03:35:07.827Z"}
{"message":"Some error occurred while creating notes","level":"error","timestamp":"2021-03-18T03:35:08.014Z"}
{"message":"Some error occurred while creating notes","level":"error","timestamp":"2021-03-18T03:35:08.123Z"}
{"message":"server is listining at port 3000","level":"info","timestamp":"2021-03-18T03:35:41.940Z"}
{"message":"Some error occurred while creating notes","level":"error","timestamp":"2021-03-18T03:35:42.131Z"}
{"message":"Some error occurred while creating notes","level":"error","timestamp":"2021-03-18T03:35:42.239Z"}
{"message":"server is listining at port 3000","level":"info","timestamp":"2021-03-18T03:37:06.656Z"}
{"message":"Some error occurred while creating notes","level":"error","timestamp":"2021-03-18T03:37:06.834Z"}
{"message":"Some error occurred while creating notes","level":"error","timestamp":"2021-03-18T03:37:06.943Z"}
{"message":"server is listining at port 3000","level":"info","timestamp":"2021-03-18T03:39:25.928Z"}
{"message":"Some error occurred while creating notes","level":"error","timestamp":"2021-03-18T03:39:26.144Z"}
{"message":"Some error occurred while creating notes","level":"error","timestamp":"2021-03-18T03:39:26.260Z"}
{"message":"logged in  successfully !","level":"info","timestamp":"2021-03-18T03:39:26.388Z"}
{"message":"server is listining at port 3000","level":"info","timestamp":"2021-03-18T03:42:05.576Z"}
{"message":"Some error occurred while creating notes","level":"error","timestamp":"2021-03-18T03:42:05.754Z"}
{"message":"Some error occurred while creating notes","level":"error","timestamp":"2021-03-18T03:42:05.865Z"}
{"message":"logged in  successfully !","level":"info","timestamp":"2021-03-18T03:42:05.970Z"}
{"message":"server is listining at port 3000","level":"info","timestamp":"2021-03-18T03:42:21.634Z"}
{"message":"Some error occurred while creating notes","level":"error","timestamp":"2021-03-18T03:42:21.879Z"}
{"message":"Some error occurred while creating notes","level":"error","timestamp":"2021-03-18T03:42:22.027Z"}
{"message":"logged in  successfully !","level":"info","timestamp":"2021-03-18T03:42:22.162Z"}
{"message":"server is listining at port 3000","level":"info","timestamp":"2021-03-18T03:46:40.346Z"}
{"message":"Some error occurred while creating notes","level":"error","timestamp":"2021-03-18T03:46:40.540Z"}
{"message":"Some error occurred while creating notes","level":"error","timestamp":"2021-03-18T03:46:40.648Z"}
{"message":"logged in  successfully !","level":"info","timestamp":"2021-03-18T03:46:40.750Z"}
{"message":"email sent sucessfully","level":"info","timestamp":"2021-03-18T03:46:40.854Z"}
{"message":"server is listining at port 3000","level":"info","timestamp":"2021-03-18T03:50:59.288Z"}
{"message":"Some error occurred while creating notes","level":"error","timestamp":"2021-03-18T03:50:59.473Z"}
{"message":"Some error occurred while creating notes","level":"error","timestamp":"2021-03-18T03:50:59.581Z"}
{"message":"logged in  successfully !","level":"info","timestamp":"2021-03-18T03:50:59.687Z"}
{"message":"email sent sucessfully","level":"info","timestamp":"2021-03-18T03:50:59.790Z"}
{"message":"Some error occurred while logging in","level":"error","timestamp":"2021-03-18T03:50:59.838Z"}
{"message":"server is listining at port 3000","level":"info","timestamp":"2021-03-18T03:56:06.515Z"}
{"message":"Some error occurred while creating notes","level":"error","timestamp":"2021-03-18T03:56:06.702Z"}
{"message":"Some error occurred while creating notes","level":"error","timestamp":"2021-03-18T03:56:06.810Z"}
{"message":"logged in  successfully !","level":"info","timestamp":"2021-03-18T03:56:06.914Z"}
{"message":"email sent sucessfully","level":"info","timestamp":"2021-03-18T03:56:07.019Z"}
{"message":"Some error occurred while logging in","level":"error","timestamp":"2021-03-18T03:56:07.061Z"}
{"message":"paswword chenged sucessfully","level":"info","timestamp":"2021-03-18T03:56:07.174Z"}
{"message":"server is listining at port 3000","level":"info","timestamp":"2021-03-18T04:02:33.133Z"}
{"message":"Some error occurred while creating notes","level":"error","timestamp":"2021-03-18T04:02:33.342Z"}
{"message":"Some error occurred while creating notes","level":"error","timestamp":"2021-03-18T04:02:33.482Z"}
{"message":"logged in  successfully !","level":"info","timestamp":"2021-03-18T04:02:33.624Z"}
{"message":"email sent sucessfully","level":"info","timestamp":"2021-03-18T04:02:33.751Z"}
{"message":"Some error occurred while logging in","level":"error","timestamp":"2021-03-18T04:02:33.810Z"}
{"message":"paswword chenged sucessfully","level":"info","timestamp":"2021-03-18T04:02:33.910Z"}
{"message":"paswword chenged sucessfully","level":"info","timestamp":"2021-03-18T04:02:34.001Z"}
{"message":"server is listining at port 3000","level":"info","timestamp":"2021-03-18T04:02:52.491Z"}
{"message":"Some error occurred while creating notes","level":"error","timestamp":"2021-03-18T04:02:52.672Z"}
{"message":"Some error occurred while creating notes","level":"error","timestamp":"2021-03-18T04:02:52.782Z"}
{"message":"logged in  successfully !","level":"info","timestamp":"2021-03-18T04:02:52.886Z"}
{"message":"email sent sucessfully","level":"info","timestamp":"2021-03-18T04:02:52.993Z"}
{"message":"Some error occurred while logging in","level":"error","timestamp":"2021-03-18T04:02:53.039Z"}
{"message":"paswword chenged sucessfully","level":"info","timestamp":"2021-03-18T04:02:53.140Z"}
{"message":"server is listining at port 3000","level":"info","timestamp":"2021-03-18T04:03:18.268Z"}
{"message":"Some error occurred while creating notes","level":"error","timestamp":"2021-03-18T04:03:18.446Z"}
{"message":"Some error occurred while creating notes","level":"error","timestamp":"2021-03-18T04:03:18.554Z"}
{"message":"logged in  successfully !","level":"info","timestamp":"2021-03-18T04:03:18.660Z"}
{"message":"email sent sucessfully","level":"info","timestamp":"2021-03-18T04:03:18.765Z"}
{"message":"Some error occurred while logging in","level":"error","timestamp":"2021-03-18T04:03:18.811Z"}
{"message":"paswword chenged sucessfully","level":"info","timestamp":"2021-03-18T04:03:18.912Z"}
